<?xml version="1.0" encoding="UTF-8"?>
<!-- Generated by org.testng.reporters.JUnitReportReporter -->
<testsuite hostname="phuonganh-pc" name="TestScript.TestRegister" tests="1" failures="0" timestamp="2 Aug 2016 07:19:06 GMT" time="4.683" errors="0">
  <testcase name="DataDriven_Register" time="4.683" classname="TestScript.TestRegister"/>
</testsuite> <!-- TestScript.TestRegister -->
