<?xml version="1.0" encoding="UTF-8"?>
<!-- Generated by org.testng.reporters.JUnitReportReporter -->
<testsuite hostname="phuonganh-pc" name="TestScript.TestLoginLogout" tests="1" failures="0" timestamp="2 Aug 2016 07:15:34 GMT" time="4.661" errors="0">
  <testcase name="DataDriven_Login" time="4.661" classname="TestScript.TestLoginLogout"/>
</testsuite> <!-- TestScript.TestLoginLogout -->
